BaiduRelease--->5a7064a86e14155a972d97e215f110ec--->2.4.0--->9--->2016-08-08 17:53:14.348
BdsjzsRelease--->5a7064a86e14155a972d97e215f110ec--->2.4.0--->9--->2016-08-08 18:02:50.837
CzwyRelease--->5a7064a86e14155a972d97e215f110ec--->2.4.0--->9--->2016-08-08 18:08:28.307
360Release--->5a7064a86e14155a972d97e215f110ec--->2.4.0--->9--->2016-08-08 18:22:39.554
FensitongRelease--->5a7064a86e14155a972d97e215f110ec--->2.4.0--->9--->2016-08-08 18:30:51.46
360Release--->9e2cd2641319d4a75f1fef5b2e55346e--->2.4.0--->9--->2016-08-09 14:53:27.237
360Release--->5ea72e650a1dc097349b0862bfccb910--->2.4.0--->9--->2016-08-11 14:33:27.736
BdsjzsRelease--->5ea72e650a1dc097349b0862bfccb910--->2.4.0--->9--->2016-08-11 15:57:19.382
CzwyRelease--->5ea72e650a1dc097349b0862bfccb910--->2.4.0--->9--->2016-08-11 17:13:21.564
360Release--->d2615fe456827dc5ee799dab01e6a5c0--->2.5.0--->10--->2016-08-17 11:27:16.536
360Release--->b12e77aa8cacb38fd6b2048ccbc268c5--->2.5.0--->10--->2016-08-17 11:46:16.333
360Release--->694f94c20da1b4bcfedfb28c3d4a970c--->2.5.0--->10--->2016-08-18 16:07:33.358
360Release--->e9bdd3c9371504864f9c03472d1eb917--->2.5.0--->10--->2016-08-22 16:42:10.675
360Release--->ab57aa961e89d0858d18d0a773dbc8ac--->2.5.0--->10--->2016-09-13 14:31:12.622
BaiduRelease--->13c34262d2d19e8aac3522a759d2e575--->2.5.0--->10--->2016-09-18 10:35:01.805
360Release--->075c3336e199e9c48d56754c4a7e2f75--->2.5.0--->10--->2016-09-26 19:16:57.213
360Release--->d78e040998a0508a75ce620dd5c47a82--->2.5.0--->10--->2016-09-28 20:42:48.313
BaiduRelease--->d78e040998a0508a75ce620dd5c47a82--->2.5.0--->10--->2016-09-28 21:13:46.872
360Release--->5cd57393f0378ba92ee942580311b1b7--->2.5.0--->10--->2016-09-28 21:26:01.102
360Release--->cdca0a8f8af71bbd1a5ef8981d96db30--->2.5.0--->10--->2016-09-29 16:33:51.428
360Release--->66dcb503ef6b32489b3ad41ebabe4c44--->2.3.0--->10--->2016-09-29 18:52:22.377
360Release--->0b6ffa4ff67ab3d5a85d92714f52b19a--->2.5.0--->10--->2016-10-08 17:18:28.049
360Release--->e25ec23516a579a8be15c2daf8be47a7--->2.5.0--->10--->2016-10-09 12:01:52.641
BaiduRelease--->e25ec23516a579a8be15c2daf8be47a7--->2.5.0--->10--->2016-10-09 14:08:17.597
CzwyRelease--->bf69935f6ff29f27e2eb7bc71d40ecc6--->2.4.0--->9--->2016-10-10 10:34:15.472
BaiduRelease--->f52424efe3de31a40a375df5cae87392--->2.4.0--->9--->2016-10-10 10:43:44.154
360Release--->f52424efe3de31a40a375df5cae87392--->2.6.0--->11--->2016-10-10 10:57:46.975
BaiduRelease--->f52424efe3de31a40a375df5cae87392--->2.6.0--->11--->2016-10-10 11:08:57.213
FensitongRelease--->f52424efe3de31a40a375df5cae87392--->2.6.0--->11--->2016-10-10 11:09:06.059
GongzhonghaoRelease--->f52424efe3de31a40a375df5cae87392--->2.6.0--->11--->2016-10-10 11:09:08.993
MomoRelease--->f52424efe3de31a40a375df5cae87392--->2.6.0--->11--->2016-10-10 11:09:17.365
ShhsRelease--->f52424efe3de31a40a375df5cae87392--->2.6.0--->11--->2016-10-10 11:09:22.962
UcxxlRelease--->f52424efe3de31a40a375df5cae87392--->2.6.0--->11--->2016-10-10 11:09:28.525
WlyxRelease--->f52424efe3de31a40a375df5cae87392--->2.6.0--->11--->2016-10-10 11:09:40.751
YingyongbaoRelease--->f52424efe3de31a40a375df5cae87392--->2.6.0--->11--->2016-10-10 11:09:49.121
ZhwnlRelease--->f52424efe3de31a40a375df5cae87392--->2.6.0--->11--->2016-10-10 11:09:52.019
XiaomiRelease--->f52424efe3de31a40a375df5cae87392--->2.6.0--->11--->2016-10-10 11:09:43.531
360Release--->b7348bed02c65020f5c89722a7d360ca--->2.6.0--->11--->2016-10-10 11:30:11.068
BaiduRelease--->b7348bed02c65020f5c89722a7d360ca--->2.6.0--->11--->2016-10-10 11:39:25.014
BdsjzsRelease--->b7348bed02c65020f5c89722a7d360ca--->2.6.0--->11--->2016-10-10 11:39:28.539
FensitongRelease--->b7348bed02c65020f5c89722a7d360ca--->2.6.0--->11--->2016-10-10 11:39:34.832
GuanwangRelease--->b7348bed02c65020f5c89722a7d360ca--->2.6.0--->11--->2016-10-10 11:39:41.024
MomoRelease--->b7348bed02c65020f5c89722a7d360ca--->2.6.0--->11--->2016-10-10 11:39:47.07
ShhsRelease--->b7348bed02c65020f5c89722a7d360ca--->2.6.0--->11--->2016-10-10 11:39:53.158
SinaRelease--->b7348bed02c65020f5c89722a7d360ca--->2.6.0--->11--->2016-10-10 11:39:56.208
WangyiRelease--->b7348bed02c65020f5c89722a7d360ca--->2.6.0--->11--->2016-10-10 11:40:05.919
ShenmaRelease--->b7348bed02c65020f5c89722a7d360ca--->2.6.0--->11--->2016-10-10 11:39:50.132
WlyxRelease--->b7348bed02c65020f5c89722a7d360ca--->2.6.0--->11--->2016-10-10 11:40:12.08
XxqdRelease--->b7348bed02c65020f5c89722a7d360ca--->2.6.0--->11--->2016-10-10 11:40:18.259
ZhwnlRelease--->b7348bed02c65020f5c89722a7d360ca--->2.6.0--->11--->2016-10-10 11:40:24.373
CzwyRelease--->b7348bed02c65020f5c89722a7d360ca--->2.6.0--->11--->2016-10-10 11:58:37.327
GongzhonghaoRelease--->b7348bed02c65020f5c89722a7d360ca--->2.6.0--->11--->2016-10-10 11:58:42.912
JrttRelease--->b7348bed02c65020f5c89722a7d360ca--->2.6.0--->11--->2016-10-10 11:58:48.641
UcxxlRelease--->b7348bed02c65020f5c89722a7d360ca--->2.6.0--->11--->2016-10-10 11:59:10.705
WandoujiaRelease--->b7348bed02c65020f5c89722a7d360ca--->2.6.0--->11--->2016-10-10 11:59:15.074
WcRelease--->b7348bed02c65020f5c89722a7d360ca--->2.6.0--->11--->2016-10-10 11:59:21.901
XiaomiRelease--->b7348bed02c65020f5c89722a7d360ca--->2.6.0--->11--->2016-10-10 11:59:27.234
YingyongbaoRelease--->b7348bed02c65020f5c89722a7d360ca--->2.6.0--->11--->2016-10-10 11:59:32.971
360Release--->7986c07b4b3a047448dbdd15fc0a32db--->2.6.0--->11--->2016-10-11 13:27:45.803
360Release--->7986c07b4b3a047448dbdd15fc0a32db--->2.5.5--->11--->2016-10-11 18:11:25.658
BaiduRelease--->7986c07b4b3a047448dbdd15fc0a32db--->2.5.5--->11--->2016-10-11 18:24:27.239
CzwyRelease--->7986c07b4b3a047448dbdd15fc0a32db--->2.5.5--->11--->2016-10-11 18:24:33.993
GongzhonghaoRelease--->7986c07b4b3a047448dbdd15fc0a32db--->2.5.5--->11--->2016-10-11 18:24:40.652
JrttRelease--->7986c07b4b3a047448dbdd15fc0a32db--->2.5.5--->11--->2016-10-11 18:24:46.599
ShenmaRelease--->7986c07b4b3a047448dbdd15fc0a32db--->2.5.5--->11--->2016-10-11 18:24:52.286
ShhsRelease--->7986c07b4b3a047448dbdd15fc0a32db--->2.5.5--->11--->2016-10-11 18:24:55.56
WandoujiaRelease--->7986c07b4b3a047448dbdd15fc0a32db--->2.5.5--->11--->2016-10-11 18:25:04.43
WangyiRelease--->7986c07b4b3a047448dbdd15fc0a32db--->2.5.5--->11--->2016-10-11 18:25:07.357
UcxxlRelease--->7986c07b4b3a047448dbdd15fc0a32db--->2.5.5--->11--->2016-10-11 18:25:01.59
XiaomiRelease--->7986c07b4b3a047448dbdd15fc0a32db--->2.5.5--->11--->2016-10-11 18:25:16.275
ZhwnlRelease--->7986c07b4b3a047448dbdd15fc0a32db--->2.5.5--->11--->2016-10-11 18:25:24.999
360Release--->53009b4122db8806154b7018c2b98f60--->2.5.5--->11--->2016-10-11 19:19:58.862
BdsjzsRelease--->53009b4122db8806154b7018c2b98f60--->2.5.5--->11--->2016-10-11 19:33:27.535
CzwyRelease--->53009b4122db8806154b7018c2b98f60--->2.5.5--->11--->2016-10-11 19:33:32.017
BaiduRelease--->53009b4122db8806154b7018c2b98f60--->2.5.5--->11--->2016-10-11 19:33:21.533
GuanwangRelease--->53009b4122db8806154b7018c2b98f60--->2.5.5--->11--->2016-10-11 19:33:44.552
ShenmaRelease--->53009b4122db8806154b7018c2b98f60--->2.5.5--->11--->2016-10-11 19:33:56.283
WandoujiaRelease--->53009b4122db8806154b7018c2b98f60--->2.5.5--->11--->2016-10-11 19:34:12.22
UcxxlRelease--->53009b4122db8806154b7018c2b98f60--->2.5.5--->11--->2016-10-11 19:34:08.194
MomoRelease--->53009b4122db8806154b7018c2b98f60--->2.5.5--->11--->2016-10-11 19:33:52.501
XiaomiRelease--->53009b4122db8806154b7018c2b98f60--->2.5.5--->11--->2016-10-11 19:34:27.647
ZhwnlRelease--->53009b4122db8806154b7018c2b98f60--->2.5.5--->11--->2016-10-11 19:34:40.156
360Release--->965d6c76ed0b0bf328713254cc865fb8--->2.5.5--->11--->2016-10-13 17:32:52.659
360Release--->34a7d5a977ab4d2ae2bd320dbfc78866--->2.5.5--->10--->2016-10-13 17:35:45.952
360Release--->34a7d5a977ab4d2ae2bd320dbfc78866--->2.5.0--->10--->2016-10-13 17:44:17.579
360Release--->1c51ac70f08d453ad62082e8fa35cb1b--->2.5.0--->10--->2016-10-13 18:27:48.617
360Release--->621f950a7a71c25b87bf16a448dc950c--->2.5.0--->10--->2016-10-13 18:34:02.428
BaiduRelease--->621f950a7a71c25b87bf16a448dc950c--->2.5.0--->10--->2016-10-13 18:53:59.191
CzwyRelease--->621f950a7a71c25b87bf16a448dc950c--->2.5.0--->10--->2016-10-13 18:54:06.38
GongzhonghaoRelease--->621f950a7a71c25b87bf16a448dc950c--->2.5.0--->10--->2016-10-13 18:54:13.088
JrttRelease--->621f950a7a71c25b87bf16a448dc950c--->2.5.0--->10--->2016-10-13 18:54:19.477
GuanwangRelease--->621f950a7a71c25b87bf16a448dc950c--->2.5.0--->10--->2016-10-13 18:54:16.173
SinaRelease--->621f950a7a71c25b87bf16a448dc950c--->2.5.0--->10--->2016-10-13 18:54:31.516
ShhsRelease--->621f950a7a71c25b87bf16a448dc950c--->2.5.0--->10--->2016-10-13 18:54:28.612
BdsjzsRelease--->621f950a7a71c25b87bf16a448dc950c--->2.5.0--->10--->2016-10-13 18:54:02.792
WandoujiaRelease--->621f950a7a71c25b87bf16a448dc950c--->2.5.0--->10--->2016-10-13 18:54:37.556
WlyxRelease--->621f950a7a71c25b87bf16a448dc950c--->2.5.0--->10--->2016-10-13 18:54:47.224
WcRelease--->621f950a7a71c25b87bf16a448dc950c--->2.5.0--->10--->2016-10-13 18:54:43.627
XxqdRelease--->621f950a7a71c25b87bf16a448dc950c--->2.5.0--->10--->2016-10-13 18:54:53.634
ZhwnlRelease--->621f950a7a71c25b87bf16a448dc950c--->2.5.0--->10--->2016-10-13 18:55:00.01
YingyongbaoRelease--->621f950a7a71c25b87bf16a448dc950c--->2.5.0--->10--->2016-10-13 18:54:56.856
360Release--->621f950a7a71c25b87bf16a448dc950c--->2.5.6--->12--->2016-10-13 18:59:40.337
FensitongRelease--->621f950a7a71c25b87bf16a448dc950c--->2.5.6--->12--->2016-10-13 19:11:08.074
CzwyRelease--->621f950a7a71c25b87bf16a448dc950c--->2.5.6--->12--->2016-10-13 19:11:05.159
BdsjzsRelease--->621f950a7a71c25b87bf16a448dc950c--->2.5.6--->12--->2016-10-13 19:11:02.255
MomoRelease--->621f950a7a71c25b87bf16a448dc950c--->2.5.6--->12--->2016-10-13 19:11:19.768
JrttRelease--->621f950a7a71c25b87bf16a448dc950c--->2.5.6--->12--->2016-10-13 19:11:16.857
UcxxlRelease--->621f950a7a71c25b87bf16a448dc950c--->2.5.6--->12--->2016-10-13 19:11:31.278
ShenmaRelease--->621f950a7a71c25b87bf16a448dc950c--->2.5.6--->12--->2016-10-13 19:11:22.653
SinaRelease--->621f950a7a71c25b87bf16a448dc950c--->2.5.6--->12--->2016-10-13 19:11:28.304
WcRelease--->621f950a7a71c25b87bf16a448dc950c--->2.5.6--->12--->2016-10-13 19:11:40.883
BaiduRelease--->621f950a7a71c25b87bf16a448dc950c--->2.5.6--->12--->2016-10-13 19:10:59.344
YingyongbaoRelease--->621f950a7a71c25b87bf16a448dc950c--->2.5.6--->12--->2016-10-13 19:11:54.34
360Release--->0f898c63a04b7eced108b9df39d71753--->2.5.5--->13--->2016-10-14 00:21:57.06
360Release--->0f898c63a04b7eced108b9df39d71753--->2.5.4--->11--->2016-10-14 00:25:53.706
YingyongbaoRelease--->0f898c63a04b7eced108b9df39d71753--->2.5.5--->13--->2016-10-14 00:27:46.408
BaiduRelease--->0f898c63a04b7eced108b9df39d71753--->2.5.5--->13--->2016-10-14 00:34:26.595
WandoujiaRelease--->0f898c63a04b7eced108b9df39d71753--->2.5.5--->13--->2016-10-14 00:34:29.587
XiaomiRelease--->0f898c63a04b7eced108b9df39d71753--->2.5.5--->13--->2016-10-14 00:34:32.666
BdsjzsRelease--->0f898c63a04b7eced108b9df39d71753--->2.5.5--->13--->2016-10-14 00:51:07.513
CzwyRelease--->0f898c63a04b7eced108b9df39d71753--->2.5.5--->13--->2016-10-14 00:51:10.077
FensitongRelease--->0f898c63a04b7eced108b9df39d71753--->2.5.5--->13--->2016-10-14 00:51:12.588
GongzhonghaoRelease--->0f898c63a04b7eced108b9df39d71753--->2.5.5--->13--->2016-10-14 00:51:15.066
GuanwangRelease--->0f898c63a04b7eced108b9df39d71753--->2.5.5--->13--->2016-10-14 00:51:17.769
JrttRelease--->0f898c63a04b7eced108b9df39d71753--->2.5.5--->13--->2016-10-14 00:51:21.26
MomoRelease--->0f898c63a04b7eced108b9df39d71753--->2.5.5--->13--->2016-10-14 00:51:24.747
ShenmaRelease--->0f898c63a04b7eced108b9df39d71753--->2.5.5--->13--->2016-10-14 00:51:27.68
ShhsRelease--->0f898c63a04b7eced108b9df39d71753--->2.5.5--->13--->2016-10-14 00:51:30.483
SinaRelease--->0f898c63a04b7eced108b9df39d71753--->2.5.5--->13--->2016-10-14 00:51:33.418
UcxxlRelease--->0f898c63a04b7eced108b9df39d71753--->2.5.5--->13--->2016-10-14 00:51:36.354
WangyiRelease--->0f898c63a04b7eced108b9df39d71753--->2.5.5--->13--->2016-10-14 00:51:41.338
WcRelease--->0f898c63a04b7eced108b9df39d71753--->2.5.5--->13--->2016-10-14 00:51:44.235
WlyxRelease--->0f898c63a04b7eced108b9df39d71753--->2.5.5--->13--->2016-10-14 00:51:47.623
XxqdRelease--->0f898c63a04b7eced108b9df39d71753--->2.5.5--->13--->2016-10-14 00:51:52.689
ZhwnlRelease--->0f898c63a04b7eced108b9df39d71753--->2.5.5--->13--->2016-10-14 00:51:57.703
GuanwangRelease--->4ed58405a324b6d3ed6910577a9a2682--->2.5.5--->13--->2016-10-25 18:16:14.737
360Release--->8125768b2d8494ce7b80c94139ffc929--->2.5.5--->13--->2016-11-11 18:22:42.683
GuanwangRelease--->1736b145d752da027f06d2a8a44035d0--->2.5.5--->13--->2016-11-18 13:11:39.045
360Release--->33a3a58182d02de7bfdc81f76ff4fe09--->2.6.0--->14--->2016-12-12 14:57:08.071
360Release--->0ff31f6c71bcb51ce390f9b43d954b43--->2.6.0--->14--->2016-12-14 10:15:23.242
YingyongbaoRelease--->55bb97965ec8f982ebb2acea61eaa789--->2.6.0--->14--->2016-12-21 16:50:03.434
360Release--->94e2dd87c3f9f05e4c8eee6d59c16f24--->2.6.1--->15--->2017-02-24 17:57:20.831
BdsjzsRelease--->94e2dd87c3f9f05e4c8eee6d59c16f24--->2.6.1--->15--->2017-02-24 18:01:55.434
GongzhonghaoRelease--->94e2dd87c3f9f05e4c8eee6d59c16f24--->2.6.1--->15--->2017-02-24 18:01:59.188
JrttRelease--->94e2dd87c3f9f05e4c8eee6d59c16f24--->2.6.1--->15--->2017-02-24 18:02:04.619
WandoujiaRelease--->94e2dd87c3f9f05e4c8eee6d59c16f24--->2.6.1--->15--->2017-02-24 18:02:07.313
XiaomiRelease--->94e2dd87c3f9f05e4c8eee6d59c16f24--->2.6.1--->15--->2017-02-24 18:02:10.019
YingyongbaoRelease--->94e2dd87c3f9f05e4c8eee6d59c16f24--->2.6.1--->15--->2017-02-24 18:02:12.876
360Release--->53f34313d4cc06c7b270780863a7b234--->2.6.1--->15--->2017-02-28 17:23:34.021
GongzhonghaoRelease--->53f34313d4cc06c7b270780863a7b234--->2.6.1--->15--->2017-02-28 17:28:13.971
BdsjzsRelease--->53f34313d4cc06c7b270780863a7b234--->2.6.1--->15--->2017-02-28 17:28:10.551
WandoujiaRelease--->53f34313d4cc06c7b270780863a7b234--->2.6.1--->15--->2017-02-28 17:28:23.095
XiaomiRelease--->53f34313d4cc06c7b270780863a7b234--->2.6.1--->15--->2017-02-28 17:28:25.778
BdsjzsRelease--->53f34313d4cc06c7b270780863a7b234--->2.6.1--->16--->2017-02-28 19:08:25.221
360Release--->e88f0306cfa7f99042dd9ec12015561f--->2.6.1--->16--->2017-04-13 10:57:40.25
360Release--->22e83214bf752617e4d1d0ff61ef348b--->2.6.1--->16--->2017-04-17 17:06:38.254
BdsjzsRelease--->22e83214bf752617e4d1d0ff61ef348b--->2.6.1--->16--->2017-04-17 17:10:59.304
GongzhonghaoRelease--->22e83214bf752617e4d1d0ff61ef348b--->2.6.1--->16--->2017-04-17 17:11:02.891
GuanwangRelease--->22e83214bf752617e4d1d0ff61ef348b--->2.6.1--->16--->2017-04-17 17:11:05.909
JrttRelease--->22e83214bf752617e4d1d0ff61ef348b--->2.6.1--->16--->2017-04-17 17:11:09.103
WandoujiaRelease--->22e83214bf752617e4d1d0ff61ef348b--->2.6.1--->16--->2017-04-17 17:11:12.439
XiaomiRelease--->22e83214bf752617e4d1d0ff61ef348b--->2.6.1--->16--->2017-04-17 17:11:15.34
YingyongbaoRelease--->22e83214bf752617e4d1d0ff61ef348b--->2.6.1--->16--->2017-04-17 17:11:18.22
360Release--->015550e3a0f16b73925d0238d0988b02--->2.6.2--->17--->2017-04-19 10:31:04.125
BdsjzsRelease--->015550e3a0f16b73925d0238d0988b02--->2.6.2--->17--->2017-04-19 10:35:21.087
GongzhonghaoRelease--->015550e3a0f16b73925d0238d0988b02--->2.6.2--->17--->2017-04-19 10:35:24.689
JrttRelease--->015550e3a0f16b73925d0238d0988b02--->2.6.2--->17--->2017-04-19 10:35:30.415
WandoujiaRelease--->015550e3a0f16b73925d0238d0988b02--->2.6.2--->17--->2017-04-19 10:35:33.259
YingyongbaoRelease--->015550e3a0f16b73925d0238d0988b02--->2.6.2--->17--->2017-04-19 10:35:39.213
BdsjzsRelease--->52e5113bcfe4156b71f36f206616efc8--->2.6.2--->17--->2017-06-20 10:39:13.24
360Release--->111b9c0f8b45e510c148fa064aaa2550--->2.6.2--->17--->2017-06-20 11:06:33.96
360Release--->03747bb310475834e5e081fd6bc3df1c--->2.6.2--->17--->2017-06-22 14:53:06.162
GuanwangRelease--->03747bb310475834e5e081fd6bc3df1c--->2.6.2--->17--->2017-06-22 15:19:36.991
WandoujiaRelease--->03747bb310475834e5e081fd6bc3df1c--->2.6.2--->17--->2017-06-22 15:24:19.946
JrttRelease--->03747bb310475834e5e081fd6bc3df1c--->2.6.2--->17--->2017-06-22 15:41:57.821
GongzhonghaoRelease--->02b48af733c288bd152f4d2c7e3d8896--->2.6.2--->17--->2017-06-22 16:05:05.638
BdsjzsRelease--->02b48af733c288bd152f4d2c7e3d8896--->2.6.2--->17--->2017-06-22 16:09:28.544
WandoujiaRelease--->c171e32e5dbbbc0db36650822259e25a--->2.6.3--->18--->2017-06-26 11:31:01.125
360Release--->5816d741813304636cd2d324214c7db6--->2.6.3--->18--->2017-06-27 17:35:28.614
BdsjzsRelease--->5816d741813304636cd2d324214c7db6--->2.6.3--->18--->2017-06-27 17:40:03.633
GongzhonghaoRelease--->5816d741813304636cd2d324214c7db6--->2.6.3--->18--->2017-06-27 17:40:08.836
GuanwangRelease--->5816d741813304636cd2d324214c7db6--->2.6.3--->18--->2017-06-27 17:40:13.513
JrttRelease--->5816d741813304636cd2d324214c7db6--->2.6.3--->18--->2017-06-27 17:40:17.796
WandoujiaRelease--->5816d741813304636cd2d324214c7db6--->2.6.3--->18--->2017-06-27 17:40:21.999
XiaomiRelease--->5816d741813304636cd2d324214c7db6--->2.6.3--->18--->2017-06-27 17:40:26.128
YingyongbaoRelease--->5816d741813304636cd2d324214c7db6--->2.6.3--->18--->2017-06-27 17:40:30.365
360Release--->1c1768086c53460bd7fdd7f534b41754--->2.6.3--->18--->2017-06-29 23:39:51.71
BdsjzsRelease--->273e995b71e002f1f5fb8b378c6fba2d--->2.6.3--->18--->2017-06-30 11:00:45.802
GongzhonghaoRelease--->273e995b71e002f1f5fb8b378c6fba2d--->2.6.3--->18--->2017-06-30 11:04:10.994
JrttRelease--->273e995b71e002f1f5fb8b378c6fba2d--->2.6.3--->18--->2017-06-30 11:04:20.155
WandoujiaRelease--->273e995b71e002f1f5fb8b378c6fba2d--->2.6.3--->18--->2017-06-30 11:04:24.077
GuanwangRelease--->273e995b71e002f1f5fb8b378c6fba2d--->2.6.3--->19--->2017-06-30 11:10:46.397
GongzhonghaoRelease--->273e995b71e002f1f5fb8b378c6fba2d--->2.6.3--->19--->2017-06-30 11:10:42.735
JrttRelease--->273e995b71e002f1f5fb8b378c6fba2d--->2.6.3--->19--->2017-06-30 11:10:50.195
WandoujiaRelease--->273e995b71e002f1f5fb8b378c6fba2d--->2.6.3--->19--->2017-06-30 11:10:54.18
360Release--->273e995b71e002f1f5fb8b378c6fba2d--->2.6.3--->19--->2017-06-30 11:29:32.16
XiaomiRelease--->30df6aa8d2e64af1419878c38a26adc2--->2.6.3--->19--->2017-07-12 11:30:01.7
WandoujiaRelease--->25a96f3d6f7930a9db682addda00a7f5--->2.6.3--->19--->2017-07-15 13:44:52.35
JrttRelease--->d4d1e7b28fdc9dbddbe2d5e18fbb9eec--->2.6.3--->19--->2017-07-17 17:10:15.088
360Release--->a0937edfd954bb2dc2e2c9fa756cc55b--->2.6.3--->19--->2017-07-18 09:18:14.728
BdsjzsRelease--->a0937edfd954bb2dc2e2c9fa756cc55b--->2.6.3--->19--->2017-07-18 09:22:33.743
WandoujiaRelease--->a0937edfd954bb2dc2e2c9fa756cc55b--->2.6.3--->19--->2017-07-18 09:22:50.706
GongzhonghaoRelease--->a0937edfd954bb2dc2e2c9fa756cc55b--->2.6.3--->19--->2017-07-18 09:22:38.427
JrttRelease--->a0937edfd954bb2dc2e2c9fa756cc55b--->2.6.3--->19--->2017-07-18 09:22:46.953
XiaomiRelease--->a0937edfd954bb2dc2e2c9fa756cc55b--->2.6.3--->19--->2017-07-18 09:22:54.745
GuanwangRelease--->a0937edfd954bb2dc2e2c9fa756cc55b--->2.6.4--->20--->2017-07-18 09:27:32.394
JrttRelease--->a0937edfd954bb2dc2e2c9fa756cc55b--->2.6.4--->20--->2017-07-18 09:27:36.108
GuanwangRelease--->eae14318ea05a30e729d4f4def34db5d--->2.6.4--->20--->2017-07-18 18:36:26.256
XiaomiRelease--->eae14318ea05a30e729d4f4def34db5d--->2.6.4--->20--->2017-07-18 18:36:37.705
BdsjzsRelease--->eae14318ea05a30e729d4f4def34db5d--->2.6.4--->20--->2017-07-18 18:36:17.492
JrttRelease--->eae14318ea05a30e729d4f4def34db5d--->2.6.4--->20--->2017-07-18 18:36:29.981
GongzhonghaoRelease--->ce0dc1a0685f79537c390636b183e748--->2.6.4--->21--->2017-07-20 18:49:36.019
GuanwangRelease--->ce0dc1a0685f79537c390636b183e748--->2.6.4--->21--->2017-07-20 18:49:40.544
JrttRelease--->ce0dc1a0685f79537c390636b183e748--->2.6.4--->21--->2017-07-20 18:49:44.463
BdsjzsRelease--->ce0dc1a0685f79537c390636b183e748--->2.6.4--->21--->2017-07-20 18:49:31.589
WandoujiaRelease--->ce0dc1a0685f79537c390636b183e748--->2.6.4--->21--->2017-07-20 18:49:48.312
360Release--->7897149adb5a6296a60ee9c0418fc010--->2.6.4--->21--->2017-07-31 18:23:59.875
360Release--->c969ba146375f3273a20530b4554e05f--->2.6.5--->22--->2017-08-03 10:29:26.831
YingyongbaoRelease--->c969ba146375f3273a20530b4554e05f--->2.6.5--->22--->2017-08-03 10:34:15.778
360Release--->1f08c6d2bb45a824a34a0817f6ea3389--->2.6.5--->23--->2017-08-14 09:41:53.975
JrttRelease--->1f08c6d2bb45a824a34a0817f6ea3389--->2.6.5--->23--->2017-08-14 09:46:06.87
GongzhonghaoRelease--->1f08c6d2bb45a824a34a0817f6ea3389--->2.6.5--->23--->2017-08-14 09:45:58.708
BdsjzsRelease--->1f08c6d2bb45a824a34a0817f6ea3389--->2.6.5--->23--->2017-08-14 09:45:54.526
GuanwangRelease--->1f08c6d2bb45a824a34a0817f6ea3389--->2.6.5--->23--->2017-08-14 09:46:02.876
360Release--->c763e5a5dfc49cf39bc3b0217bd03597--->2.6.5--->23--->2017-09-13 15:30:51.778
GongzhonghaoRelease--->3847e632a6feb7013ddb05cde8887a43--->2.6.5--->23--->2017-09-13 16:48:52.418
